Command line:
   Debounce_isim_beh.exe
     -simmode  gui
     -simrunnum  0
     -socket  49243

Fri Nov 15 19:08:10 2019


 Elaboration Time: 0.015625 sec

 Current Memory Usage: 497.963 Meg

 Total Signals          : 7
 Total Nets             : 7
 Total Signal Drivers   : 4
 Total Blocks           : 4
 Total Primitive Blocks : 4
 Total Processes        : 3
 Total Traceable Variables  : 11
 Total Scalar Nets and Variables : 386
Total Line Count : 25

 Total Simulation Time: 0.015625 sec

 Current Memory Usage: 497.963 Meg

Fri Nov 15 19:08:12 2019

