Command line:
   debouncezao_isim_beh.exe
     -simmode  gui
     -simrunnum  0
     -socket  49251

Fri Nov 15 19:13:24 2019


 Elaboration Time: 0.015625 sec

 Current Memory Usage: 497.865 Meg

 Total Signals          : 8
 Total Nets             : 8
 Total Signal Drivers   : 5
 Total Blocks           : 2
 Total Primitive Blocks : 2
 Total Processes        : 1
 Total Traceable Variables  : 9
 Total Scalar Nets and Variables : 369
Total Line Count : 16
Total Line Count : 16

 Total Simulation Time: 0.078125 sec

 Current Memory Usage: 497.865 Meg

Fri Nov 15 19:14:39 2019

