
****** PlanAhead v13.2 (64-bit)
  **** Build 131561 by hdbuild on Thu Jun 16 17:14:12 PDT 2011
    ** Copyright 1986-1999, 2001-2011 Xilinx, Inc. All Rights Reserved.

INFO: [Common-78] Attempting to get a license: PlanAhead
INFO: [Common-82] Got a license: PlanAhead
INFO: [ArchReader-0] Loading parts and site information from C:\Xilinx\13.2\ISE_DS\PlanAhead\parts\arch.xml
Parsing RTL primitives file [C:\Xilinx\13.2\ISE_DS\PlanAhead\parts\xilinx\rtl\prims\rtl_prims.xml]
Finished parsing RTL primitives file [C:\Xilinx\13.2\ISE_DS\PlanAhead\parts\xilinx\rtl\prims\rtl_prims.xml]
start_gui
starting gui ...
source E:/t5_laborg_mano_ney/pa.fromNetlist.tcl
# create_project -name trab_laborg.vhd -dir "E:/t5_laborg_mano_ney/planAhead_run_1" -part xc3s100etq144-4
Parsing template File [C:\Xilinx\13.2\ISE_DS\ISE\data\projnav\templates\verilog.xml].
Finished parsing template File [C:\Xilinx\13.2\ISE_DS\ISE\data\projnav\templates\verilog.xml].
Parsing template File [C:\Xilinx\13.2\ISE_DS\ISE\data\projnav\templates\vhdl.xml].
Finished parsing template File [C:\Xilinx\13.2\ISE_DS\ISE\data\projnav\templates\vhdl.xml].
Parsing template File [C:\Xilinx\13.2\ISE_DS\ISE\data\projnav\templates\ucf.xml].
Finished parsing template File [C:\Xilinx\13.2\ISE_DS\ISE\data\projnav\templates\ucf.xml].
# set_property design_mode GateLvl [get_property srcset [current_run -impl]]
exit
stop_gui
INFO: [PlanAhead-261] Exiting PlanAhead...
INFO: [Common-83] Releasing license: PlanAhead
