Command line:
   trab_isim_beh.exe
     -simmode  gui
     -simrunnum  0
     -socket  49239

Fri Nov 15 19:05:27 2019


 Elaboration Time: 0.015625 sec

 Current Memory Usage: 497.959 Meg

 Total Signals          : 29
 Total Nets             : 49
 Total Signal Drivers   : 16
 Total Blocks           : 3
 Total Primitive Blocks : 3
 Total Processes        : 10
 Total Traceable Variables  : 10
 Total Scalar Nets and Variables : 427
Total Line Count : 56

 Total Simulation Time: 0.0625 sec

 Current Memory Usage: 497.959 Meg

Fri Nov 15 19:05:33 2019

